# JRE version: OpenJDK Runtime Environment Corretto-11.0.18.10.1 (11.0.18+10) (build 11.0.18+10-LTS)
# Java VM: OpenJDK 64-Bit Server VM Corretto-11.0.18.10.1 (11.0.18+10-LTS, mixed mode, tiered, compressed oops, g1 gc, windows-amd64)
Heap:
 garbage-first heap   total 57344K, used 23111K [0x00000000e0000000, 0x0000000100000000)
  region size 1024K, 7 young (7168K), 3 survivors (3072K)
 Metaspace       used 33421K, capacity 34438K, committed 34560K, reserved 1079296K
  class space    used 3933K, capacity 4338K, committed 4352K, reserved 1048576K
GC Heap History (20 events):
Event: 1.968 GC heap before
{Heap before GC invocations=0 (full 0):
 garbage-first heap   total 57344K, used 14336K [0x00000000e0000000, 0x0000000100000000)
  region size 1024K, 14 young (14336K), 0 survivors (0K)
 Metaspace       used 11182K, capacity 11462K, committed 11776K, reserved 1060864K
  class space    used 1114K, capacity 1211K, committed 1280K, reserved 1048576K
}
Event: 1.985 GC heap after
{Heap after GC invocations=1 (full 0):
 garbage-first heap   total 57344K, used 5827K [0x00000000e0000000, 0x0000000100000000)
  region size 1024K, 2 young (2048K), 2 survivors (2048K)
 Metaspace       used 11182K, capacity 11462K, committed 11776K, reserved 1060864K
  class space    used 1114K, capacity 1211K, committed 1280K, reserved 1048576K
}
Event: 3.633 GC heap before
{Heap before GC invocations=1 (full 0):
 garbage-first heap   total 57344K, used 8899K [0x00000000e0000000, 0x0000000100000000)
  region size 1024K, 5 young (5120K), 2 survivors (2048K)
 Metaspace       used 12378K, capacity 12648K, committed 12928K, reserved 1060864K
  class space    used 1269K, capacity 1352K, committed 1408K, reserved 1048576K
}
Event: 3.637 GC heap after
{Heap after GC invocations=2 (full 0):
 garbage-first heap   total 57344K, used 6567K [0x00000000e0000000, 0x0000000100000000)
  region size 1024K, 1 young (1024K), 1 survivors (1024K)
 Metaspace       used 12378K, capacity 12648K, committed 12928K, reserved 1060864K
  class space    used 1269K, capacity 1352K, committed 1408K, reserved 1048576K
}
Event: 4.512 GC heap before
{Heap before GC invocations=2 (full 0):
 garbage-first heap   total 57344K, used 20903K [0x00000000e0000000, 0x0000000100000000)
  region size 1024K, 16 young (16384K), 1 survivors (1024K)
 Metaspace       used 15455K, capacity 16042K, committed 16384K, reserved 1062912K
  class space    used 1717K, capacity 1926K, committed 2048K, reserved 1048576K
}
Event: 4.516 GC heap after
{Heap after GC invocations=3 (full 0):
 garbage-first heap   total 57344K, used 7176K [0x00000000e0000000, 0x0000000100000000)
  region size 1024K, 1 young (1024K), 1 survivors (1024K)
 Metaspace       used 15455K, capacity 16042K, committed 16384K, reserved 1062912K
  class space    used 1717K, capacity 1926K, committed 2048K, reserved 1048576K
}
Event: 5.675 GC heap before
{Heap before GC invocations=3 (full 0):
 garbage-first heap   total 57344K, used 26632K [0x00000000e0000000, 0x0000000100000000)
  region size 1024K, 20 young (20480K), 1 survivors (1024K)
 Metaspace       used 20356K, capacity 21131K, committed 21248K, reserved 1069056K
  class space    used 2249K, capacity 2557K, committed 2560K, reserved 1048576K
}
Event: 5.681 GC heap after
{Heap after GC invocations=4 (full 0):
 garbage-first heap   total 57344K, used 9456K [0x00000000e0000000, 0x0000000100000000)
  region size 1024K, 3 young (3072K), 3 survivors (3072K)
 Metaspace       used 20356K, capacity 21131K, committed 21248K, reserved 1069056K
  class space    used 2249K, capacity 2557K, committed 2560K, reserved 1048576K
}
Event: 5.714 GC heap before
{Heap before GC invocations=4 (full 0):
 garbage-first heap   total 57344K, used 9456K [0x00000000e0000000, 0x0000000100000000)
  region size 1024K, 4 young (4096K), 3 survivors (3072K)
 Metaspace       used 20442K, capacity 21195K, committed 21248K, reserved 1069056K
  class space    used 2260K, capacity 2557K, committed 2560K, reserved 1048576K
}
Event: 5.721 GC heap after
{Heap after GC invocations=5 (full 0):
 garbage-first heap   total 57344K, used 9925K [0x00000000e0000000, 0x0000000100000000)
  region size 1024K, 1 young (1024K), 1 survivors (1024K)
 Metaspace       used 20442K, capacity 21195K, committed 21248K, reserved 1069056K
  class space    used 2260K, capacity 2557K, committed 2560K, reserved 1048576K
}
Event: 6.153 GC heap before
{Heap before GC invocations=6 (full 0):
 garbage-first heap   total 57344K, used 25285K [0x00000000e0000000, 0x0000000100000000)
  region size 1024K, 16 young (16384K), 1 survivors (1024K)
 Metaspace       used 21464K, capacity 22211K, committed 22400K, reserved 1069056K
  class space    used 2386K, capacity 2661K, committed 2688K, reserved 1048576K
}
Event: 6.158 GC heap after
{Heap after GC invocations=7 (full 0):
 garbage-first heap   total 57344K, used 11388K [0x00000000e0000000, 0x0000000100000000)
  region size 1024K, 2 young (2048K), 2 survivors (2048K)
 Metaspace       used 21464K, capacity 22211K, committed 22400K, reserved 1069056K
  class space    used 2386K, capacity 2661K, committed 2688K, reserved 1048576K
}
Event: 6.658 GC heap before
{Heap before GC invocations=7 (full 0):
 garbage-first heap   total 57344K, used 28796K [0x00000000e0000000, 0x0000000100000000)
  region size 1024K, 19 young (19456K), 2 survivors (2048K)
 Metaspace       used 23480K, capacity 24326K, committed 24576K, reserved 1071104K
  class space    used 2640K, capacity 2965K, committed 3072K, reserved 1048576K
}
Event: 6.662 GC heap after
{Heap after GC invocations=8 (full 0):
 garbage-first heap   total 57344K, used 12273K [0x00000000e0000000, 0x0000000100000000)
  region size 1024K, 1 young (1024K), 1 survivors (1024K)
 Metaspace       used 23480K, capacity 24326K, committed 24576K, reserved 1071104K
  class space    used 2640K, capacity 2965K, committed 3072K, reserved 1048576K
}
Event: 7.177 GC heap before
{Heap before GC invocations=8 (full 0):
 garbage-first heap   total 57344K, used 30705K [0x00000000e0000000, 0x0000000100000000)
  region size 1024K, 19 young (19456K), 1 survivors (1024K)
 Metaspace       used 26814K, capacity 27703K, committed 27776K, reserved 1073152K
  class space    used 3041K, capacity 3385K, committed 3456K, reserved 1048576K
}
Event: 7.180 GC heap after
{Heap after GC invocations=9 (full 0):
 garbage-first heap   total 57344K, used 13067K [0x00000000e0000000, 0x0000000100000000)
  region size 1024K, 2 young (2048K), 2 survivors (2048K)
 Metaspace       used 26814K, capacity 27703K, committed 27776K, reserved 1073152K
  class space    used 3041K, capacity 3385K, committed 3456K, reserved 1048576K
}
Event: 9.004 GC heap before
{Heap before GC invocations=9 (full 0):
 garbage-first heap   total 57344K, used 32523K [0x00000000e0000000, 0x0000000100000000)
  region size 1024K, 21 young (21504K), 2 survivors (2048K)
 Metaspace       used 29996K, capacity 30980K, committed 31104K, reserved 1077248K
  class space    used 3459K, capacity 3868K, committed 3968K, reserved 1048576K
}
Event: 9.008 GC heap after
{Heap after GC invocations=10 (full 0):
 garbage-first heap   total 57344K, used 13727K [0x00000000e0000000, 0x0000000100000000)
  region size 1024K, 2 young (2048K), 2 survivors (2048K)
 Metaspace       used 29996K, capacity 30980K, committed 31104K, reserved 1077248K
  class space    used 3459K, capacity 3868K, committed 3968K, reserved 1048576K
}
Event: 14.358 GC heap before
{Heap before GC invocations=10 (full 0):
 garbage-first heap   total 57344K, used 38303K [0x00000000e0000000, 0x0000000100000000)
  region size 1024K, 22 young (22528K), 2 survivors (2048K)
 Metaspace       used 32807K, capacity 33850K, committed 34048K, reserved 1079296K
  class space    used 3857K, capacity 4271K, committed 4352K, reserved 1048576K
}
Event: 14.364 GC heap after
{Heap after GC invocations=11 (full 0):
 garbage-first heap   total 57344K, used 20039K [0x00000000e0000000, 0x0000000100000000)
  region size 1024K, 3 young (3072K), 3 survivors (3072K)
 Metaspace       used 32807K, capacity 33850K, committed 34048K, reserved 1079296K
  class space    used 3857K, capacity 4271K, committed 4352K, reserved 1048576K
}

