# JRE version: OpenJDK Runtime Environment Corretto-11.0.18.10.1 (11.0.18+10) (build 11.0.18+10-LTS)
# Java VM: OpenJDK 64-Bit Server VM Corretto-11.0.18.10.1 (11.0.18+10-LTS, mixed mode, tiered, compressed oops, g1 gc, windows-amd64)
Heap:
 garbage-first heap   total 57344K, used 43224K [0x00000000e0000000, 0x0000000100000000)
  region size 1024K, 27 young (27648K), 2 survivors (2048K)
 Metaspace       used 34256K, capacity 35350K, committed 35584K, reserved 1081344K
  class space    used 4075K, capacity 4515K, committed 4608K, reserved 1048576K
GC Heap History (14 events):
Event: 2.707 GC heap before
{Heap before GC invocations=0 (full 0):
 garbage-first heap   total 57344K, used 14336K [0x00000000e0000000, 0x0000000100000000)
  region size 1024K, 14 young (14336K), 0 survivors (0K)
 Metaspace       used 11168K, capacity 11462K, committed 11776K, reserved 1060864K
  class space    used 1114K, capacity 1211K, committed 1280K, reserved 1048576K
}
Event: 2.726 GC heap after
{Heap after GC invocations=1 (full 0):
 garbage-first heap   total 57344K, used 5812K [0x00000000e0000000, 0x0000000100000000)
  region size 1024K, 2 young (2048K), 2 survivors (2048K)
 Metaspace       used 11168K, capacity 11462K, committed 11776K, reserved 1060864K
  class space    used 1114K, capacity 1211K, committed 1280K, reserved 1048576K
}
Event: 4.112 GC heap before
{Heap before GC invocations=1 (full 0):
 garbage-first heap   total 57344K, used 9908K [0x00000000e0000000, 0x0000000100000000)
  region size 1024K, 6 young (6144K), 2 survivors (2048K)
 Metaspace       used 12650K, capacity 12968K, committed 13312K, reserved 1060864K
  class space    used 1305K, capacity 1416K, committed 1536K, reserved 1048576K
}
Event: 4.117 GC heap after
{Heap after GC invocations=2 (full 0):
 garbage-first heap   total 57344K, used 6181K [0x00000000e0000000, 0x0000000100000000)
  region size 1024K, 1 young (1024K), 1 survivors (1024K)
 Metaspace       used 12650K, capacity 12968K, committed 13312K, reserved 1060864K
  class space    used 1305K, capacity 1416K, committed 1536K, reserved 1048576K
}
Event: 5.127 GC heap before
{Heap before GC invocations=2 (full 0):
 garbage-first heap   total 57344K, used 22565K [0x00000000e0000000, 0x0000000100000000)
  region size 1024K, 17 young (17408K), 1 survivors (1024K)
 Metaspace       used 15737K, capacity 16413K, committed 16640K, reserved 1064960K
  class space    used 1774K, capacity 2026K, committed 2048K, reserved 1048576K
}
Event: 5.130 GC heap after
{Heap after GC invocations=3 (full 0):
 garbage-first heap   total 57344K, used 6858K [0x00000000e0000000, 0x0000000100000000)
  region size 1024K, 2 young (2048K), 2 survivors (2048K)
 Metaspace       used 15737K, capacity 16413K, committed 16640K, reserved 1064960K
  class space    used 1774K, capacity 2026K, committed 2048K, reserved 1048576K
}
Event: 6.399 GC heap before
{Heap before GC invocations=3 (full 0):
 garbage-first heap   total 57344K, used 24266K [0x00000000e0000000, 0x0000000100000000)
  region size 1024K, 20 young (20480K), 2 survivors (2048K)
 Metaspace       used 20436K, capacity 21199K, committed 21248K, reserved 1069056K
  class space    used 2257K, capacity 2557K, committed 2560K, reserved 1048576K
}
Event: 6.408 GC heap after
{Heap after GC invocations=4 (full 0):
 garbage-first heap   total 57344K, used 9045K [0x00000000e0000000, 0x0000000100000000)
  region size 1024K, 3 young (3072K), 3 survivors (3072K)
 Metaspace       used 20436K, capacity 21199K, committed 21248K, reserved 1069056K
  class space    used 2257K, capacity 2557K, committed 2560K, reserved 1048576K
}
Event: 7.506 GC heap before
{Heap before GC invocations=5 (full 0):
 garbage-first heap   total 57344K, used 34645K [0x00000000e0000000, 0x0000000100000000)
  region size 1024K, 29 young (29696K), 3 survivors (3072K)
 Metaspace       used 22541K, capacity 23387K, committed 23680K, reserved 1071104K
  class space    used 2535K, capacity 2864K, committed 2944K, reserved 1048576K
}
Event: 7.518 GC heap after
{Heap after GC invocations=6 (full 0):
 garbage-first heap   total 57344K, used 11667K [0x00000000e0000000, 0x0000000100000000)
  region size 1024K, 3 young (3072K), 3 survivors (3072K)
 Metaspace       used 22541K, capacity 23387K, committed 23680K, reserved 1071104K
  class space    used 2535K, capacity 2864K, committed 2944K, reserved 1048576K
}
Event: 8.206 GC heap before
{Heap before GC invocations=6 (full 0):
 garbage-first heap   total 57344K, used 35219K [0x00000000e0000000, 0x0000000100000000)
  region size 1024K, 27 young (27648K), 3 survivors (3072K)
 Metaspace       used 26593K, capacity 27472K, committed 27776K, reserved 1073152K
  class space    used 3009K, capacity 3351K, committed 3456K, reserved 1048576K
}
Event: 8.211 GC heap after
{Heap after GC invocations=7 (full 0):
 garbage-first heap   total 57344K, used 12736K [0x00000000e0000000, 0x0000000100000000)
  region size 1024K, 2 young (2048K), 2 survivors (2048K)
 Metaspace       used 26593K, capacity 27472K, committed 27776K, reserved 1073152K
  class space    used 3009K, capacity 3351K, committed 3456K, reserved 1048576K
}
Event: 10.085 GC heap before
{Heap before GC invocations=7 (full 0):
 garbage-first heap   total 57344K, used 37312K [0x00000000e0000000, 0x0000000100000000)
  region size 1024K, 26 young (26624K), 2 survivors (2048K)
 Metaspace       used 30227K, capacity 31270K, committed 31360K, reserved 1077248K
  class space    used 3493K, capacity 3900K, committed 3968K, reserved 1048576K
}
Event: 10.088 GC heap after
{Heap after GC invocations=8 (full 0):
 garbage-first heap   total 57344K, used 13528K [0x00000000e0000000, 0x0000000100000000)
  region size 1024K, 2 young (2048K), 2 survivors (2048K)
 Metaspace       used 30227K, capacity 31270K, committed 31360K, reserved 1077248K
  class space    used 3493K, capacity 3900K, committed 3968K, reserved 1048576K
}

