# JRE version: OpenJDK Runtime Environment Corretto-11.0.18.10.1 (11.0.18+10) (build 11.0.18+10-LTS)
# Java VM: OpenJDK 64-Bit Server VM Corretto-11.0.18.10.1 (11.0.18+10-LTS, mixed mode, tiered, compressed oops, g1 gc, windows-amd64)
Heap:
 garbage-first heap   total 57344K, used 24482K [0x00000000e0000000, 0x0000000100000000)
  region size 1024K, 8 young (8192K), 2 survivors (2048K)
 Metaspace       used 33065K, capacity 34161K, committed 34304K, reserved 1079296K
  class space    used 3894K, capacity 4332K, committed 4352K, reserved 1048576K
GC Heap History (16 events):
Event: 1.180 GC heap before
{Heap before GC invocations=0 (full 0):
 garbage-first heap   total 57344K, used 14336K [0x00000000e0000000, 0x0000000100000000)
  region size 1024K, 14 young (14336K), 0 survivors (0K)
 Metaspace       used 11171K, capacity 11462K, committed 11776K, reserved 1060864K
  class space    used 1113K, capacity 1211K, committed 1280K, reserved 1048576K
}
Event: 1.193 GC heap after
{Heap after GC invocations=1 (full 0):
 garbage-first heap   total 57344K, used 5928K [0x00000000e0000000, 0x0000000100000000)
  region size 1024K, 2 young (2048K), 2 survivors (2048K)
 Metaspace       used 11171K, capacity 11462K, committed 11776K, reserved 1060864K
  class space    used 1113K, capacity 1211K, committed 1280K, reserved 1048576K
}
Event: 2.502 GC heap before
{Heap before GC invocations=1 (full 0):
 garbage-first heap   total 57344K, used 9000K [0x00000000e0000000, 0x0000000100000000)
  region size 1024K, 5 young (5120K), 2 survivors (2048K)
 Metaspace       used 12325K, capacity 12584K, committed 12672K, reserved 1060864K
  class space    used 1265K, capacity 1352K, committed 1408K, reserved 1048576K
}
Event: 2.505 GC heap after
{Heap after GC invocations=2 (full 0):
 garbage-first heap   total 57344K, used 6311K [0x00000000e0000000, 0x0000000100000000)
  region size 1024K, 1 young (1024K), 1 survivors (1024K)
 Metaspace       used 12325K, capacity 12584K, committed 12672K, reserved 1060864K
  class space    used 1265K, capacity 1352K, committed 1408K, reserved 1048576K
}
Event: 3.084 GC heap before
{Heap before GC invocations=2 (full 0):
 garbage-first heap   total 57344K, used 20647K [0x00000000e0000000, 0x0000000100000000)
  region size 1024K, 16 young (16384K), 1 survivors (1024K)
 Metaspace       used 15355K, capacity 15976K, committed 16000K, reserved 1062912K
  class space    used 1697K, capacity 1902K, committed 1920K, reserved 1048576K
}
Event: 3.086 GC heap after
{Heap after GC invocations=3 (full 0):
 garbage-first heap   total 57344K, used 6923K [0x00000000e0000000, 0x0000000100000000)
  region size 1024K, 1 young (1024K), 1 survivors (1024K)
 Metaspace       used 15355K, capacity 15976K, committed 16000K, reserved 1062912K
  class space    used 1697K, capacity 1902K, committed 1920K, reserved 1048576K
}
Event: 3.867 GC heap before
{Heap before GC invocations=3 (full 0):
 garbage-first heap   total 57344K, used 26379K [0x00000000e0000000, 0x0000000100000000)
  region size 1024K, 21 young (21504K), 1 survivors (1024K)
 Metaspace       used 20398K, capacity 21195K, committed 21248K, reserved 1069056K
  class space    used 2253K, capacity 2557K, committed 2560K, reserved 1048576K
}
Event: 3.874 GC heap after
{Heap after GC invocations=4 (full 0):
 garbage-first heap   total 57344K, used 9248K [0x00000000e0000000, 0x0000000100000000)
  region size 1024K, 3 young (3072K), 3 survivors (3072K)
 Metaspace       used 20398K, capacity 21195K, committed 21248K, reserved 1069056K
  class space    used 2253K, capacity 2557K, committed 2560K, reserved 1048576K
}
Event: 4.316 GC heap before
{Heap before GC invocations=5 (full 0):
 garbage-first heap   total 57344K, used 29728K [0x00000000e0000000, 0x0000000100000000)
  region size 1024K, 23 young (23552K), 3 survivors (3072K)
 Metaspace       used 21833K, capacity 22664K, committed 22784K, reserved 1069056K
  class space    used 2426K, capacity 2751K, committed 2816K, reserved 1048576K
}
Event: 4.324 GC heap after
{Heap after GC invocations=6 (full 0):
 garbage-first heap   total 57344K, used 11629K [0x00000000e0000000, 0x0000000100000000)
  region size 1024K, 3 young (3072K), 3 survivors (3072K)
 Metaspace       used 21833K, capacity 22664K, committed 22784K, reserved 1069056K
  class space    used 2426K, capacity 2751K, committed 2816K, reserved 1048576K
}
Event: 4.838 GC heap before
{Heap before GC invocations=6 (full 0):
 garbage-first heap   total 57344K, used 33133K [0x00000000e0000000, 0x0000000100000000)
  region size 1024K, 24 young (24576K), 3 survivors (3072K)
 Metaspace       used 25365K, capacity 26224K, committed 26240K, reserved 1073152K
  class space    used 2869K, capacity 3191K, committed 3200K, reserved 1048576K
}
Event: 4.842 GC heap after
{Heap after GC invocations=7 (full 0):
 garbage-first heap   total 57344K, used 12716K [0x00000000e0000000, 0x0000000100000000)
  region size 1024K, 1 young (1024K), 1 survivors (1024K)
 Metaspace       used 25365K, capacity 26224K, committed 26240K, reserved 1073152K
  class space    used 2869K, capacity 3191K, committed 3200K, reserved 1048576K
}
Event: 5.683 GC heap before
{Heap before GC invocations=7 (full 0):
 garbage-first heap   total 57344K, used 35244K [0x00000000e0000000, 0x0000000100000000)
  region size 1024K, 23 young (23552K), 1 survivors (1024K)
 Metaspace       used 29090K, capacity 30109K, committed 30208K, reserved 1075200K
  class space    used 3359K, capacity 3770K, committed 3840K, reserved 1048576K
}
Event: 5.688 GC heap after
{Heap after GC invocations=8 (full 0):
 garbage-first heap   total 57344K, used 13587K [0x00000000e0000000, 0x0000000100000000)
  region size 1024K, 2 young (2048K), 2 survivors (2048K)
 Metaspace       used 29090K, capacity 30109K, committed 30208K, reserved 1075200K
  class space    used 3359K, capacity 3770K, committed 3840K, reserved 1048576K
}
Event: 11.330 GC heap before
{Heap before GC invocations=8 (full 0):
 garbage-first heap   total 57344K, used 41235K [0x00000000e0000000, 0x0000000100000000)
  region size 1024K, 24 young (24576K), 2 survivors (2048K)
 Metaspace       used 32049K, capacity 33089K, committed 33152K, reserved 1079296K
  class space    used 3772K, capacity 4188K, committed 4224K, reserved 1048576K
}
Event: 11.335 GC heap after
{Heap after GC invocations=9 (full 0):
 garbage-first heap   total 57344K, used 19362K [0x00000000e0000000, 0x0000000100000000)
  region size 1024K, 2 young (2048K), 2 survivors (2048K)
 Metaspace       used 32049K, capacity 33089K, committed 33152K, reserved 1079296K
  class space    used 3772K, capacity 4188K, committed 4224K, reserved 1048576K
}

