# JRE version: OpenJDK Runtime Environment Corretto-11.0.18.10.1 (11.0.18+10) (build 11.0.18+10-LTS)
# Java VM: OpenJDK 64-Bit Server VM Corretto-11.0.18.10.1 (11.0.18+10-LTS, mixed mode, tiered, compressed oops, g1 gc, windows-amd64)
Heap:
 garbage-first heap   total 57344K, used 25379K [0x00000000e0000000, 0x0000000100000000)
  region size 1024K, 10 young (10240K), 2 survivors (2048K)
 Metaspace       used 32926K, capacity 33981K, committed 34048K, reserved 1079296K
  class space    used 3878K, capacity 4293K, committed 4352K, reserved 1048576K
GC Heap History (16 events):
Event: 1.558 GC heap before
{Heap before GC invocations=0 (full 0):
 garbage-first heap   total 57344K, used 14336K [0x00000000e0000000, 0x0000000100000000)
  region size 1024K, 14 young (14336K), 0 survivors (0K)
 Metaspace       used 11172K, capacity 11462K, committed 11776K, reserved 1060864K
  class space    used 1114K, capacity 1211K, committed 1280K, reserved 1048576K
}
Event: 1.575 GC heap after
{Heap after GC invocations=1 (full 0):
 garbage-first heap   total 57344K, used 5804K [0x00000000e0000000, 0x0000000100000000)
  region size 1024K, 2 young (2048K), 2 survivors (2048K)
 Metaspace       used 11172K, capacity 11462K, committed 11776K, reserved 1060864K
  class space    used 1114K, capacity 1211K, committed 1280K, reserved 1048576K
}
Event: 3.247 GC heap before
{Heap before GC invocations=1 (full 0):
 garbage-first heap   total 57344K, used 8876K [0x00000000e0000000, 0x0000000100000000)
  region size 1024K, 5 young (5120K), 2 survivors (2048K)
 Metaspace       used 12368K, capacity 12648K, committed 12928K, reserved 1060864K
  class space    used 1269K, capacity 1352K, committed 1408K, reserved 1048576K
}
Event: 3.250 GC heap after
{Heap after GC invocations=2 (full 0):
 garbage-first heap   total 57344K, used 6258K [0x00000000e0000000, 0x0000000100000000)
  region size 1024K, 1 young (1024K), 1 survivors (1024K)
 Metaspace       used 12368K, capacity 12648K, committed 12928K, reserved 1060864K
  class space    used 1269K, capacity 1352K, committed 1408K, reserved 1048576K
}
Event: 4.105 GC heap before
{Heap before GC invocations=2 (full 0):
 garbage-first heap   total 57344K, used 20594K [0x00000000e0000000, 0x0000000100000000)
  region size 1024K, 16 young (16384K), 1 survivors (1024K)
 Metaspace       used 15448K, capacity 16042K, committed 16384K, reserved 1062912K
  class space    used 1717K, capacity 1926K, committed 2048K, reserved 1048576K
}
Event: 4.108 GC heap after
{Heap after GC invocations=3 (full 0):
 garbage-first heap   total 57344K, used 6907K [0x00000000e0000000, 0x0000000100000000)
  region size 1024K, 1 young (1024K), 1 survivors (1024K)
 Metaspace       used 15448K, capacity 16042K, committed 16384K, reserved 1062912K
  class space    used 1717K, capacity 1926K, committed 2048K, reserved 1048576K
}
Event: 5.193 GC heap before
{Heap before GC invocations=3 (full 0):
 garbage-first heap   total 57344K, used 25339K [0x00000000e0000000, 0x0000000100000000)
  region size 1024K, 21 young (21504K), 1 survivors (1024K)
 Metaspace       used 20467K, capacity 21195K, committed 21248K, reserved 1069056K
  class space    used 2260K, capacity 2557K, committed 2560K, reserved 1048576K
}
Event: 5.203 GC heap after
{Heap after GC invocations=4 (full 0):
 garbage-first heap   total 57344K, used 9232K [0x00000000e0000000, 0x0000000100000000)
  region size 1024K, 3 young (3072K), 3 survivors (3072K)
 Metaspace       used 20467K, capacity 21195K, committed 21248K, reserved 1069056K
  class space    used 2260K, capacity 2557K, committed 2560K, reserved 1048576K
}
Event: 5.886 GC heap before
{Heap before GC invocations=5 (full 0):
 garbage-first heap   total 57344K, used 29712K [0x00000000e0000000, 0x0000000100000000)
  region size 1024K, 23 young (23552K), 3 survivors (3072K)
 Metaspace       used 21895K, capacity 22728K, committed 23040K, reserved 1069056K
  class space    used 2434K, capacity 2751K, committed 2816K, reserved 1048576K
}
Event: 5.895 GC heap after
{Heap after GC invocations=6 (full 0):
 garbage-first heap   total 57344K, used 11604K [0x00000000e0000000, 0x0000000100000000)
  region size 1024K, 3 young (3072K), 3 survivors (3072K)
 Metaspace       used 21895K, capacity 22728K, committed 23040K, reserved 1069056K
  class space    used 2434K, capacity 2751K, committed 2816K, reserved 1048576K
}
Event: 6.444 GC heap before
{Heap before GC invocations=6 (full 0):
 garbage-first heap   total 57344K, used 32084K [0x00000000e0000000, 0x0000000100000000)
  region size 1024K, 23 young (23552K), 3 survivors (3072K)
 Metaspace       used 25279K, capacity 26128K, committed 26240K, reserved 1073152K
  class space    used 2856K, capacity 3159K, committed 3200K, reserved 1048576K
}
Event: 6.449 GC heap after
{Heap after GC invocations=7 (full 0):
 garbage-first heap   total 57344K, used 12603K [0x00000000e0000000, 0x0000000100000000)
  region size 1024K, 1 young (1024K), 1 survivors (1024K)
 Metaspace       used 25279K, capacity 26128K, committed 26240K, reserved 1073152K
  class space    used 2856K, capacity 3159K, committed 3200K, reserved 1048576K
}
Event: 7.599 GC heap before
{Heap before GC invocations=7 (full 0):
 garbage-first heap   total 57344K, used 34107K [0x00000000e0000000, 0x0000000100000000)
  region size 1024K, 22 young (22528K), 1 survivors (1024K)
 Metaspace       used 28849K, capacity 29849K, committed 30208K, reserved 1075200K
  class space    used 3327K, capacity 3725K, committed 3840K, reserved 1048576K
}
Event: 7.602 GC heap after
{Heap after GC invocations=8 (full 0):
 garbage-first heap   total 57344K, used 13461K [0x00000000e0000000, 0x0000000100000000)
  region size 1024K, 2 young (2048K), 2 survivors (2048K)
 Metaspace       used 28849K, capacity 29849K, committed 30208K, reserved 1075200K
  class space    used 3327K, capacity 3725K, committed 3840K, reserved 1048576K
}
Event: 13.446 GC heap before
{Heap before GC invocations=8 (full 0):
 garbage-first heap   total 57344K, used 40085K [0x00000000e0000000, 0x0000000100000000)
  region size 1024K, 23 young (23552K), 2 survivors (2048K)
 Metaspace       used 31742K, capacity 32793K, committed 32896K, reserved 1077248K
  class space    used 3721K, capacity 4131K, committed 4224K, reserved 1048576K
}
Event: 13.450 GC heap after
{Heap after GC invocations=9 (full 0):
 garbage-first heap   total 57344K, used 19235K [0x00000000e0000000, 0x0000000100000000)
  region size 1024K, 2 young (2048K), 2 survivors (2048K)
 Metaspace       used 31742K, capacity 32793K, committed 32896K, reserved 1077248K
  class space    used 3721K, capacity 4131K, committed 4224K, reserved 1048576K
}

