# JRE version: OpenJDK Runtime Environment Corretto-11.0.18.10.1 (11.0.18+10) (build 11.0.18+10-LTS)
# Java VM: OpenJDK 64-Bit Server VM Corretto-11.0.18.10.1 (11.0.18+10-LTS, mixed mode, tiered, compressed oops, g1 gc, windows-amd64)
Heap:
 garbage-first heap   total 57344K, used 23591K [0x00000000e0000000, 0x0000000100000000)
  region size 1024K, 7 young (7168K), 2 survivors (2048K)
 Metaspace       used 33104K, capacity 34182K, committed 34304K, reserved 1079296K
  class space    used 3909K, capacity 4338K, committed 4352K, reserved 1048576K
GC Heap History (16 events):
Event: 1.761 GC heap before
{Heap before GC invocations=0 (full 0):
 garbage-first heap   total 57344K, used 14336K [0x00000000e0000000, 0x0000000100000000)
  region size 1024K, 14 young (14336K), 0 survivors (0K)
 Metaspace       used 11178K, capacity 11462K, committed 11776K, reserved 1060864K
  class space    used 1114K, capacity 1211K, committed 1280K, reserved 1048576K
}
Event: 1.775 GC heap after
{Heap after GC invocations=1 (full 0):
 garbage-first heap   total 57344K, used 5865K [0x00000000e0000000, 0x0000000100000000)
  region size 1024K, 2 young (2048K), 2 survivors (2048K)
 Metaspace       used 11178K, capacity 11462K, committed 11776K, reserved 1060864K
  class space    used 1114K, capacity 1211K, committed 1280K, reserved 1048576K
}
Event: 2.771 GC heap before
{Heap before GC invocations=1 (full 0):
 garbage-first heap   total 57344K, used 8937K [0x00000000e0000000, 0x0000000100000000)
  region size 1024K, 5 young (5120K), 2 survivors (2048K)
 Metaspace       used 12323K, capacity 12584K, committed 12672K, reserved 1060864K
  class space    used 1266K, capacity 1352K, committed 1408K, reserved 1048576K
}
Event: 2.775 GC heap after
{Heap after GC invocations=2 (full 0):
 garbage-first heap   total 57344K, used 6248K [0x00000000e0000000, 0x0000000100000000)
  region size 1024K, 1 young (1024K), 1 survivors (1024K)
 Metaspace       used 12323K, capacity 12584K, committed 12672K, reserved 1060864K
  class space    used 1266K, capacity 1352K, committed 1408K, reserved 1048576K
}
Event: 3.368 GC heap before
{Heap before GC invocations=2 (full 0):
 garbage-first heap   total 57344K, used 20584K [0x00000000e0000000, 0x0000000100000000)
  region size 1024K, 16 young (16384K), 1 survivors (1024K)
 Metaspace       used 15391K, capacity 15953K, committed 16000K, reserved 1062912K
  class space    used 1711K, capacity 1917K, committed 1920K, reserved 1048576K
}
Event: 3.372 GC heap after
{Heap after GC invocations=3 (full 0):
 garbage-first heap   total 57344K, used 6885K [0x00000000e0000000, 0x0000000100000000)
  region size 1024K, 1 young (1024K), 1 survivors (1024K)
 Metaspace       used 15391K, capacity 15953K, committed 16000K, reserved 1062912K
  class space    used 1711K, capacity 1917K, committed 1920K, reserved 1048576K
}
Event: 4.624 GC heap before
{Heap before GC invocations=3 (full 0):
 garbage-first heap   total 57344K, used 25317K [0x00000000e0000000, 0x0000000100000000)
  region size 1024K, 21 young (21504K), 1 survivors (1024K)
 Metaspace       used 20429K, capacity 21195K, committed 21248K, reserved 1069056K
  class space    used 2260K, capacity 2557K, committed 2560K, reserved 1048576K
}
Event: 4.633 GC heap after
{Heap after GC invocations=4 (full 0):
 garbage-first heap   total 57344K, used 9216K [0x00000000e0000000, 0x0000000100000000)
  region size 1024K, 3 young (3072K), 3 survivors (3072K)
 Metaspace       used 20429K, capacity 21195K, committed 21248K, reserved 1069056K
  class space    used 2260K, capacity 2557K, committed 2560K, reserved 1048576K
}
Event: 5.150 GC heap before
{Heap before GC invocations=5 (full 0):
 garbage-first heap   total 57344K, used 30720K [0x00000000e0000000, 0x0000000100000000)
  region size 1024K, 24 young (24576K), 3 survivors (3072K)
 Metaspace       used 22025K, capacity 22829K, committed 23040K, reserved 1069056K
  class space    used 2463K, capacity 2785K, committed 2816K, reserved 1048576K
}
Event: 5.163 GC heap after
{Heap after GC invocations=6 (full 0):
 garbage-first heap   total 57344K, used 11600K [0x00000000e0000000, 0x0000000100000000)
  region size 1024K, 3 young (3072K), 3 survivors (3072K)
 Metaspace       used 22025K, capacity 22829K, committed 23040K, reserved 1069056K
  class space    used 2463K, capacity 2785K, committed 2816K, reserved 1048576K
}
Event: 5.727 GC heap before
{Heap before GC invocations=6 (full 0):
 garbage-first heap   total 57344K, used 32080K [0x00000000e0000000, 0x0000000100000000)
  region size 1024K, 23 young (23552K), 3 survivors (3072K)
 Metaspace       used 25520K, capacity 26288K, committed 26496K, reserved 1073152K
  class space    used 2898K, capacity 3191K, committed 3200K, reserved 1048576K
}
Event: 5.733 GC heap after
{Heap after GC invocations=7 (full 0):
 garbage-first heap   total 57344K, used 12610K [0x00000000e0000000, 0x0000000100000000)
  region size 1024K, 1 young (1024K), 1 survivors (1024K)
 Metaspace       used 25520K, capacity 26288K, committed 26496K, reserved 1073152K
  class space    used 2898K, capacity 3191K, committed 3200K, reserved 1048576K
}
Event: 6.684 GC heap before
{Heap before GC invocations=7 (full 0):
 garbage-first heap   total 57344K, used 34114K [0x00000000e0000000, 0x0000000100000000)
  region size 1024K, 22 young (22528K), 1 survivors (1024K)
 Metaspace       used 29198K, capacity 30175K, committed 30464K, reserved 1075200K
  class space    used 3377K, capacity 3770K, committed 3840K, reserved 1048576K
}
Event: 6.689 GC heap after
{Heap after GC invocations=8 (full 0):
 garbage-first heap   total 57344K, used 13391K [0x00000000e0000000, 0x0000000100000000)
  region size 1024K, 2 young (2048K), 2 survivors (2048K)
 Metaspace       used 29198K, capacity 30175K, committed 30464K, reserved 1075200K
  class space    used 3377K, capacity 3770K, committed 3840K, reserved 1048576K
}
Event: 13.939 GC heap before
{Heap before GC invocations=8 (full 0):
 garbage-first heap   total 57344K, used 41039K [0x00000000e0000000, 0x0000000100000000)
  region size 1024K, 24 young (24576K), 2 survivors (2048K)
 Metaspace       used 32225K, capacity 33233K, committed 33408K, reserved 1079296K
  class space    used 3800K, capacity 4193K, committed 4224K, reserved 1048576K
}
Event: 13.944 GC heap after
{Heap after GC invocations=9 (full 0):
 garbage-first heap   total 57344K, used 19495K [0x00000000e0000000, 0x0000000100000000)
  region size 1024K, 2 young (2048K), 2 survivors (2048K)
 Metaspace       used 32225K, capacity 33233K, committed 33408K, reserved 1079296K
  class space    used 3800K, capacity 4193K, committed 4224K, reserved 1048576K
}

