# JRE version: OpenJDK Runtime Environment Corretto-11.0.18.10.1 (11.0.18+10) (build 11.0.18+10-LTS)
# Java VM: OpenJDK 64-Bit Server VM Corretto-11.0.18.10.1 (11.0.18+10-LTS, mixed mode, tiered, compressed oops, g1 gc, windows-amd64)
Heap:
 garbage-first heap   total 57344K, used 27456K [0x00000000e0000000, 0x0000000100000000)
  region size 1024K, 11 young (11264K), 2 survivors (2048K)
 Metaspace       used 32797K, capacity 33912K, committed 34048K, reserved 1079296K
  class space    used 3875K, capacity 4288K, committed 4352K, reserved 1048576K
GC Heap History (16 events):
Event: 1.642 GC heap before
{Heap before GC invocations=0 (full 0):
 garbage-first heap   total 57344K, used 14336K [0x00000000e0000000, 0x0000000100000000)
  region size 1024K, 14 young (14336K), 0 survivors (0K)
 Metaspace       used 11159K, capacity 11398K, committed 11520K, reserved 1058816K
  class space    used 1114K, capacity 1211K, committed 1280K, reserved 1048576K
}
Event: 1.657 GC heap after
{Heap after GC invocations=1 (full 0):
 garbage-first heap   total 57344K, used 5819K [0x00000000e0000000, 0x0000000100000000)
  region size 1024K, 2 young (2048K), 2 survivors (2048K)
 Metaspace       used 11159K, capacity 11398K, committed 11520K, reserved 1058816K
  class space    used 1114K, capacity 1211K, committed 1280K, reserved 1048576K
}
Event: 2.905 GC heap before
{Heap before GC invocations=1 (full 0):
 garbage-first heap   total 57344K, used 9915K [0x00000000e0000000, 0x0000000100000000)
  region size 1024K, 6 young (6144K), 2 survivors (2048K)
 Metaspace       used 12645K, capacity 12968K, committed 13312K, reserved 1060864K
  class space    used 1305K, capacity 1416K, committed 1536K, reserved 1048576K
}
Event: 2.916 GC heap after
{Heap after GC invocations=2 (full 0):
 garbage-first heap   total 57344K, used 6287K [0x00000000e0000000, 0x0000000100000000)
  region size 1024K, 1 young (1024K), 1 survivors (1024K)
 Metaspace       used 12645K, capacity 12968K, committed 13312K, reserved 1060864K
  class space    used 1305K, capacity 1416K, committed 1536K, reserved 1048576K
}
Event: 3.675 GC heap before
{Heap before GC invocations=2 (full 0):
 garbage-first heap   total 57344K, used 22671K [0x00000000e0000000, 0x0000000100000000)
  region size 1024K, 17 young (17408K), 1 survivors (1024K)
 Metaspace       used 15706K, capacity 16403K, committed 16640K, reserved 1064960K
  class space    used 1771K, capacity 2024K, committed 2048K, reserved 1048576K
}
Event: 3.678 GC heap after
{Heap after GC invocations=3 (full 0):
 garbage-first heap   total 57344K, used 6951K [0x00000000e0000000, 0x0000000100000000)
  region size 1024K, 1 young (1024K), 1 survivors (1024K)
 Metaspace       used 15706K, capacity 16403K, committed 16640K, reserved 1064960K
  class space    used 1771K, capacity 2024K, committed 2048K, reserved 1048576K
}
Event: 4.729 GC heap before
{Heap before GC invocations=3 (full 0):
 garbage-first heap   total 57344K, used 24359K [0x00000000e0000000, 0x0000000100000000)
  region size 1024K, 19 young (19456K), 1 survivors (1024K)
 Metaspace       used 20403K, capacity 21195K, committed 21248K, reserved 1069056K
  class space    used 2255K, capacity 2557K, committed 2560K, reserved 1048576K
}
Event: 4.738 GC heap after
{Heap after GC invocations=4 (full 0):
 garbage-first heap   total 57344K, used 9161K [0x00000000e0000000, 0x0000000100000000)
  region size 1024K, 3 young (3072K), 3 survivors (3072K)
 Metaspace       used 20403K, capacity 21195K, committed 21248K, reserved 1069056K
  class space    used 2255K, capacity 2557K, committed 2560K, reserved 1048576K
}
Event: 5.431 GC heap before
{Heap before GC invocations=5 (full 0):
 garbage-first heap   total 57344K, used 29641K [0x00000000e0000000, 0x0000000100000000)
  region size 1024K, 23 young (23552K), 3 survivors (3072K)
 Metaspace       used 21839K, capacity 22664K, committed 22784K, reserved 1069056K
  class space    used 2429K, capacity 2751K, committed 2816K, reserved 1048576K
}
Event: 5.442 GC heap after
{Heap after GC invocations=6 (full 0):
 garbage-first heap   total 57344K, used 11407K [0x00000000e0000000, 0x0000000100000000)
  region size 1024K, 3 young (3072K), 3 survivors (3072K)
 Metaspace       used 21839K, capacity 22664K, committed 22784K, reserved 1069056K
  class space    used 2429K, capacity 2751K, committed 2816K, reserved 1048576K
}
Event: 6.309 GC heap before
{Heap before GC invocations=6 (full 0):
 garbage-first heap   total 57344K, used 31887K [0x00000000e0000000, 0x0000000100000000)
  region size 1024K, 23 young (23552K), 3 survivors (3072K)
 Metaspace       used 24344K, capacity 25232K, committed 25472K, reserved 1071104K
  class space    used 2756K, capacity 3095K, committed 3200K, reserved 1048576K
}
Event: 6.316 GC heap after
{Heap after GC invocations=7 (full 0):
 garbage-first heap   total 57344K, used 12555K [0x00000000e0000000, 0x0000000100000000)
  region size 1024K, 1 young (1024K), 1 survivors (1024K)
 Metaspace       used 24344K, capacity 25232K, committed 25472K, reserved 1071104K
  class space    used 2756K, capacity 3095K, committed 3200K, reserved 1048576K
}
Event: 7.444 GC heap before
{Heap before GC invocations=7 (full 0):
 garbage-first heap   total 57344K, used 34059K [0x00000000e0000000, 0x0000000100000000)
  region size 1024K, 22 young (22528K), 1 survivors (1024K)
 Metaspace       used 28555K, capacity 29477K, committed 29568K, reserved 1075200K
  class space    used 3286K, capacity 3641K, committed 3712K, reserved 1048576K
}
Event: 7.448 GC heap after
{Heap after GC invocations=8 (full 0):
 garbage-first heap   total 57344K, used 13408K [0x00000000e0000000, 0x0000000100000000)
  region size 1024K, 2 young (2048K), 2 survivors (2048K)
 Metaspace       used 28555K, capacity 29477K, committed 29568K, reserved 1075200K
  class space    used 3286K, capacity 3641K, committed 3712K, reserved 1048576K
}
Event: 13.272 GC heap before
{Heap before GC invocations=8 (full 0):
 garbage-first heap   total 57344K, used 40032K [0x00000000e0000000, 0x0000000100000000)
  region size 1024K, 23 young (23552K), 2 survivors (2048K)
 Metaspace       used 31457K, capacity 32470K, committed 32512K, reserved 1077248K
  class space    used 3681K, capacity 4066K, committed 4096K, reserved 1048576K
}
Event: 13.276 GC heap after
{Heap after GC invocations=9 (full 0):
 garbage-first heap   total 57344K, used 19264K [0x00000000e0000000, 0x0000000100000000)
  region size 1024K, 2 young (2048K), 2 survivors (2048K)
 Metaspace       used 31457K, capacity 32470K, committed 32512K, reserved 1077248K
  class space    used 3681K, capacity 4066K, committed 4096K, reserved 1048576K
}

